<?xml version="1.0" encoding="UTF-8"?>
<!-- Generated by org.testng.reporters.JUnitXMLReporter -->
<testsuite ignored="5" hostname="LTIN590021" failures="0" tests="1" name="Default test" time="8.489" errors="0" timestamp="2025-06-22T21:48:29 IST">
  <testcase classname="com.test.smoke.HomeTest" name="dropDownVisibleTest" time="0.207"/>
  <testcase classname="com.test.smoke.HomeTest" name="homePageVisibleTest" time="0.0">
    <ignored/>
  </testcase> <!-- homePageVisibleTest -->
  <testcase classname="com.test.smoke.HomeTest" name="neccessaryFieldsMandatoryTest" time="0.0">
    <ignored/>
  </testcase> <!-- neccessaryFieldsMandatoryTest -->
  <testcase classname="com.test.smoke.HomeTest" name="allFieldsEnabledTest" time="0.0">
    <ignored/>
  </testcase> <!-- allFieldsEnabledTest -->
  <testcase classname="com.test.smoke.HomeTest" name="resultCardVisibleTest" time="0.0">
    <ignored/>
  </testcase> <!-- resultCardVisibleTest -->
  <testcase classname="com.test.smoke.HomeTest" name="userImageTest" time="0.0">
    <ignored/>
  </testcase> <!-- userImageTest -->
</testsuite> <!-- Default test -->
