<?xml version="1.0" encoding="UTF-8"?>
<testng-results ignored="5" total="6" passed="1" failed="0" skipped="0">
  <reporter-output>
  </reporter-output>
  <suite started-at="2025-06-22T21:48:21 IST" name="Default suite" finished-at="2025-06-22T21:48:29 IST" duration-ms="8489">
    <groups>
    </groups>
    <test started-at="2025-06-22T21:48:21 IST" name="Default test" finished-at="2025-06-22T21:48:29 IST" duration-ms="8489">
      <class name="com.test.smoke.HomeTest">
        <test-method is-config="true" signature="initialize()[pri:0, instance:com.test.smoke.HomeTest@1bb5a082]" started-at="2025-06-22T21:48:21 IST" name="initialize" finished-at="2025-06-22T21:48:27 IST" duration-ms="6458" status="PASS">
          <reporter-output>
          </reporter-output>
        </test-method> <!-- initialize -->
        <test-method signature="dropDownVisibleTest()[pri:5, instance:com.test.smoke.HomeTest@1bb5a082]" started-at="2025-06-22T21:48:27 IST" name="dropDownVisibleTest" finished-at="2025-06-22T21:48:27 IST" duration-ms="207" status="PASS">
          <reporter-output>
          </reporter-output>
        </test-method> <!-- dropDownVisibleTest -->
        <test-method is-config="true" signature="exit()[pri:0, instance:com.test.smoke.HomeTest@1bb5a082]" started-at="2025-06-22T21:48:27 IST" name="exit" finished-at="2025-06-22T21:48:29 IST" duration-ms="1783" status="PASS">
          <reporter-output>
          </reporter-output>
        </test-method> <!-- exit -->
      </class> <!-- com.test.smoke.HomeTest -->
    </test> <!-- Default test -->
  </suite> <!-- Default suite -->
</testng-results>
